{
    "stats": {
      "suites": 1,
      "tests": 2,
      "passes": 2,
      "pending": 0,
      "failures": 0,
      "start": "2025-02-12T17:42:44.774Z",
      "end": "2025-02-12T17:42:55.475Z",
      "duration": 10701,
      "testsRegistered": 2,
      "passPercent": 100,
      "pendingPercent": 0,
      "other": 0,
      "hasOther": false,
      "skipped": 0,
      "hasSkipped": false
    },
    "results": [
      {
        "uuid": "62810c41-bf0a-4446-aa8f-7d9d1f309708",
        "title": "",
        "fullFile": "cypress\\e2e\\loginOrange.cy.js",
        "file": "cypress\\e2e\\loginOrange.cy.js",
        "beforeHooks": [],
        "afterHooks": [],
        "tests": [],
        "suites": [
          {
            "uuid": "43784a44-8ab7-4128-96e2-5b442b382a65",
            "title": "Basic Login Tests on Orange HRM Application",
            "fullFile": "",
            "file": "",
            "beforeHooks": [],
            "afterHooks": [],
            "tests": [
              {
                "title": "Verify Login to the HRM App is working with invalid credentials",
                "fullTitle": "Basic Login Tests on Orange HRM Application Verify Login to the HRM App is working with invalid credentials",
                "timedOut": null,
                "duration": 4790,
                "state": "passed",
                "speed": "fast",
                "pass": true,
                "fail": false,
                "pending": false,
                "context": "{\n  \"title\": \"cypress-mochawesome-reporter-videos-passed\",\n  \"value\": \"cypress\\\\e2e\\\\loginOrange.cy.js\"\n}",
                "code": "loginObj.openURL();\nloginObj.username('Admin');\nloginObj.password('admin');\nloginObj.submit();\n//loginObj.invalidCredentials();",
                "err": {},
                "uuid": "1c742d7c-b86f-4ae9-bd47-20db5632c4b9",
                "parentUUID": "43784a44-8ab7-4128-96e2-5b442b382a65",
                "isHook": false,
                "skipped": false
              },
              {
                "title": "Verify Login to the HRM App is working",
                "fullTitle": "Basic Login Tests on Orange HRM Application Verify Login to the HRM App is working",
                "timedOut": null,
                "duration": 2714,
                "state": "passed",
                "speed": "fast",
                "pass": true,
                "fail": false,
                "pending": false,
                "context": "{\n  \"title\": \"cypress-mochawesome-reporter-videos-passed\",\n  \"value\": \"cypress\\\\e2e\\\\loginOrange.cy.js\"\n}",
                "code": "loginObj.openURL();\nloginObj.username('Admin');\nloginObj.password('admin123');\nloginObj.submit();",
                "err": {},
                "uuid": "9b4851e6-8813-4708-94e6-c0fb5d936bc6",
                "parentUUID": "43784a44-8ab7-4128-96e2-5b442b382a65",
                "isHook": false,
                "skipped": false
              }
            ],
            "suites": [],
            "passes": [
              "1c742d7c-b86f-4ae9-bd47-20db5632c4b9",
              "9b4851e6-8813-4708-94e6-c0fb5d936bc6"
            ],
            "failures": [],
            "pending": [],
            "skipped": [],
            "duration": 7504,
            "root": false,
            "rootEmpty": false,
            "_timeout": 2000
          }
        ],
        "passes": [],
        "failures": [],
        "pending": [],
        "skipped": [],
        "duration": 0,
        "root": true,
        "rootEmpty": true,
        "_timeout": 2000
      },
      {
        "uuid": "ee9011ff-80a4-453b-b68e-3c1caa7d8fb0",
        "title": "",
        "fullFile": "cypress\\e2e\\myInfoCRM.cy.js",
        "file": "cypress\\e2e\\myInfoCRM.cy.js",
        "beforeHooks": [],
        "afterHooks": [],
        "tests": [],
        "suites": [
          {
            "uuid": "e3754e14-b6b8-4c7a-8c62-5db8fd46fd73",
            "title": "My Info Tests on Orange HRM Application",
            "fullFile": "",
            "file": "",
            "beforeHooks": [],
            "afterHooks": [],
            "tests": [
              {
                "title": "Verify Login and My info to the HRM App is working",
                "fullTitle": "My Info Tests on Orange HRM Application Verify Login and My info to the HRM App is working",
                "timedOut": null,
                "duration": 27353,
                "state": "passed",
                "speed": "slow",
                "pass": true,
                "fail": false,
                "pending": false,
                "context": "{\n  \"title\": \"cypress-mochawesome-reporter-videos-passed\",\n  \"value\": \"cypress\\\\e2e\\\\myInfoCRM.cy.js\"\n}",
                "code": "cy.fixture('example.json').then(testdata => {\n  const {\n    baseUrlUsername,\n    baseUrlPassword\n  } = testdata;\n  //   // Fill in the login form\n  cy.loginHRM(baseUrlUsername, baseUrlPassword);\n  cy.wait(5000);\n  //  it('Fill form ', () => {\n  //it('Verify Login to the HRM App is working', () => {\n  cy.get(`.oxd-text.oxd-text--span.oxd-main-menu-item--name`);\n  cy.xpath(\"//span[normalize-space()='My Info']\").click();\n  cy.wait(5000);\n  cy.myinfo();\n  // cy.get(`.oxd-icon.bi-calendar.oxd-date-input-icon`).eq(0).click({force: true});\n  // cy.wait(2000);\n  // // //cy.get(`[class=\".oxd-calendar-date --selected\"]`).click();\n  // //for nationality dropdown\n  // cy.get(`.oxd-select-text.oxd-select-text--active`).eq(0).click({ force: true });\n  // cy.get(`.oxd-grid-item.oxd-grid-item--gutters .oxd-select-option>span`).contains(\"Indian\").click();\n  // //marital status dropdown\n  // cy.get(`.oxd-select-text.oxd-select-text--active`).eq(1).click();\n  // cy.get(`.oxd-grid-item.oxd-grid-item--gutters .oxd-select-option>span`).contains(\"Married\").click();\n  // cy.get(`.oxd-icon.bi-calendar.oxd-date-input-icon`).eq(1).click({ force: true });\n  // cy.wait(2000);\n  // cy.pause();\n  // Ignore uncaught exceptions\n  Cypress.on('uncaught:exception', (err, runnable) => {\n    // Prevent Cypress from failing the test when the error occurs\n    // Optionally, log the error for debugging purposes\n    console.error('Uncaught exception:', err);\n    // Returning false prevents the test from failing\n    return false;\n  });\n});",
                "err": {},
                "uuid": "d6dad26f-b755-4d67-aaed-b99355ac1bf6",
                "parentUUID": "e3754e14-b6b8-4c7a-8c62-5db8fd46fd73",
                "isHook": false,
                "skipped": false
              }
            ],
            "suites": [],
            "passes": [
              "d6dad26f-b755-4d67-aaed-b99355ac1bf6"
            ],
            "failures": [],
            "pending": [],
            "skipped": [],
            "duration": 27353,
            "root": false,
            "rootEmpty": false,
            "_timeout": 2000
          }
        ],
        "passes": [],
        "failures": [],
        "pending": [],
        "skipped": [],
        "duration": 0,
        "root": true,
        "rootEmpty": true,
        "_timeout": 2000
      }
    ],
    "meta": {
      "mocha": {
        "version": "7.0.1"
      },
      "mochawesome": {
        "options": {
          "quiet": false,
          "reportFilename": "mochawesome",
          "saveHtml": true,
          "saveJson": true,
          "consoleReporter": "spec",
          "useInlineDiffs": false,
          "code": true
        },
        "version": "7.1.3"
      },
      "marge": {
        "options": {
          "reportDir": "cypress/reports/mochawesome",
          "overwrite": false,
          "html": true,
          "json": true
        },
        "version": "6.2.0"
      }
    }
  }