{
  "stats": {
    "suites": 1,
    "tests": 1,
    "passes": 1,
    "pending": 0,
    "failures": 0,
    "start": "2025-02-21T06:58:05.148Z",
    "end": "2025-02-21T06:58:33.320Z",
    "duration": 28172,
    "testsRegistered": 1,
    "passPercent": 100,
    "pendingPercent": 0,
    "other": 0,
    "hasOther": false,
    "skipped": 0,
    "hasSkipped": false
  },
  "results": [
    {
      "uuid": "6512ab23-9565-4fa0-acdc-31518d05a461",
      "title": "",
      "fullFile": "cypress\\e2e\\myInfoCRM.cy.js",
      "file": "cypress\\e2e\\myInfoCRM.cy.js",
      "beforeHooks": [],
      "afterHooks": [],
      "tests": [],
      "suites": [
        {
          "uuid": "68241304-bb86-49ae-9718-57df77361633",
          "title": "My Info Tests on Orange HRM Application",
          "fullFile": "",
          "file": "",
          "beforeHooks": [],
          "afterHooks": [],
          "tests": [
            {
              "title": "Verify Login and My info to the HRM App is working",
              "fullTitle": "My Info Tests on Orange HRM Application Verify Login and My info to the HRM App is working",
              "timedOut": null,
              "duration": 25891,
              "state": "passed",
              "speed": "slow",
              "pass": true,
              "fail": false,
              "pending": false,
              "context": "{\n  \"title\": \"cypress-mochawesome-reporter-videos-passed\",\n  \"value\": \"cypress\\\\e2e\\\\myInfoCRM.cy.js\"\n}",
              "code": "// Use the testData loaded in the before() hook\nconst {\n  baseUrlUsername,\n  baseUrlPassword\n} = testData;\n// Log in to the application with the provided username and password\ncy.loginHRM(baseUrlUsername, baseUrlPassword);\n// Ensure the main menu is loaded and the \"My Info\" option is visible\ncy.get('.oxd-text.oxd-text--span.oxd-main-menu-item--name').should('be.visible', {\n  timeout: 10000\n});\n// Click on \"My Info\" from the menu (using xpath locator)\ncy.xpath(\"//span[normalize-space()='My Info']\").should('be.visible', {\n  timeout: 10000\n}).click();\n// Perform actions in the 'My Info' section\ncy.myinfo();\n// Handling uncaught exceptions to prevent test failure\nCypress.on('uncaught:exception', (err, runnable) => {\n  console.error('Uncaught exception:', err);\n  return false; // Returning false prevents the test from failing\n});",
              "err": {},
              "uuid": "f28e2f1e-3abe-49b3-b96f-38a9945cf4e5",
              "parentUUID": "68241304-bb86-49ae-9718-57df77361633",
              "isHook": false,
              "skipped": false
            }
          ],
          "suites": [],
          "passes": [
            "f28e2f1e-3abe-49b3-b96f-38a9945cf4e5"
          ],
          "failures": [],
          "pending": [],
          "skipped": [],
          "duration": 25891,
          "root": false,
          "rootEmpty": false,
          "_timeout": 2000
        }
      ],
      "passes": [],
      "failures": [],
      "pending": [],
      "skipped": [],
      "duration": 0,
      "root": true,
      "rootEmpty": true,
      "_timeout": 2000
    }
  ],
  "meta": {
    "mocha": {
      "version": "7.0.1"
    },
    "mochawesome": {
      "options": {
        "quiet": false,
        "reportFilename": "mochawesome",
        "saveHtml": true,
        "saveJson": true,
        "consoleReporter": "spec",
        "useInlineDiffs": false,
        "code": true
      },
      "version": "7.1.3"
    },
    "marge": {
      "options": {
        "reportDir": "cypress/reports/mochawesome",
        "overwrite": false,
        "html": true,
        "json": true
      },
      "version": "6.2.0"
    }
  }
}