{
  "stats": {
    "suites": 1,
    "tests": 2,
    "passes": 2,
    "pending": 0,
    "failures": 0,
    "start": "2025-02-21T06:40:43.850Z",
    "end": "2025-02-21T06:41:21.204Z",
    "duration": 37354,
    "testsRegistered": 2,
    "passPercent": 100,
    "pendingPercent": 0,
    "other": 0,
    "hasOther": false,
    "skipped": 0,
    "hasSkipped": false
  },
  "results": [
    {
      "uuid": "0d6bf5d2-3c73-4ac0-87f1-a74c7fc3b9e6",
      "title": "",
      "fullFile": "cypress\\e2e\\loginOrange.cy.js",
      "file": "cypress\\e2e\\loginOrange.cy.js",
      "beforeHooks": [],
      "afterHooks": [],
      "tests": [],
      "suites": [
        {
          "uuid": "37bafa35-1395-48dd-a2ac-7cd6cbe5d892",
          "title": "Basic Login Tests on Orange HRM Application",
          "fullFile": "",
          "file": "",
          "beforeHooks": [],
          "afterHooks": [],
          "tests": [
            {
              "title": "@critical Verify Login to the HRM App is working",
              "fullTitle": "Basic Login Tests on Orange HRM Application @critical Verify Login to the HRM App is working",
              "timedOut": null,
              "duration": 19865,
              "state": "passed",
              "speed": "slow",
              "pass": true,
              "fail": false,
              "pending": false,
              "context": "{\n  \"title\": \"cypress-mochawesome-reporter-videos-passed\",\n  \"value\": \"cypress\\\\e2e\\\\loginOrange.cy.js\"\n}",
              "code": "cy.fixture('example.json').then(testdata => {\n  const {\n    baseUrlUsername,\n    baseUrlPassword\n  } = testdata;\n  // Log in to the application with the provided username and password\n  cy.loginHRM(baseUrlUsername, baseUrlPassword);\n});",
              "err": {},
              "uuid": "0205095b-b702-40cd-a884-5233b7354b1a",
              "parentUUID": "37bafa35-1395-48dd-a2ac-7cd6cbe5d892",
              "isHook": false,
              "skipped": false
            },
            {
              "title": "@smoke Verify Login to the HRM App is working with invalid credentials",
              "fullTitle": "Basic Login Tests on Orange HRM Application @smoke Verify Login to the HRM App is working with invalid credentials",
              "timedOut": null,
              "duration": 14176,
              "state": "passed",
              "speed": "slow",
              "pass": true,
              "fail": false,
              "pending": false,
              "context": "{\n  \"title\": \"cypress-mochawesome-reporter-videos-passed\",\n  \"value\": \"cypress\\\\e2e\\\\loginOrange.cy.js\"\n}",
              "code": "cy.fixture('example.json').then(testdata => {\n  const {\n    baseUrlUsername,\n    invalidPassword\n  } = testdata;\n  // Log in to the application with invalid credentials\n  cy.loginHRM(baseUrlUsername, invalidPassword);\n  cy.wait(5000); // Optional: You can adjust the wait time\n});",
              "err": {},
              "uuid": "3dad24bd-641a-4786-b2c4-4c4d5b468e27",
              "parentUUID": "37bafa35-1395-48dd-a2ac-7cd6cbe5d892",
              "isHook": false,
              "skipped": false
            }
          ],
          "suites": [],
          "passes": [
            "0205095b-b702-40cd-a884-5233b7354b1a",
            "3dad24bd-641a-4786-b2c4-4c4d5b468e27"
          ],
          "failures": [],
          "pending": [],
          "skipped": [],
          "duration": 34041,
          "root": false,
          "rootEmpty": false,
          "_timeout": 2000
        }
      ],
      "passes": [],
      "failures": [],
      "pending": [],
      "skipped": [],
      "duration": 0,
      "root": true,
      "rootEmpty": true,
      "_timeout": 2000
    }
  ],
  "meta": {
    "mocha": {
      "version": "7.0.1"
    },
    "mochawesome": {
      "options": {
        "quiet": false,
        "reportFilename": "mochawesome",
        "saveHtml": true,
        "saveJson": true,
        "consoleReporter": "spec",
        "useInlineDiffs": false,
        "code": true
      },
      "version": "7.1.3"
    },
    "marge": {
      "options": {
        "reportDir": "cypress/reports/mochawesome",
        "overwrite": false,
        "html": true,
        "json": true
      },
      "version": "6.2.0"
    }
  }
}