{
  "stats": {
    "suites": 1,
    "tests": 2,
    "passes": 2,
    "pending": 0,
    "failures": 0,
    "start": "2025-02-21T06:57:28.551Z",
    "end": "2025-02-21T06:58:01.797Z",
    "duration": 33246,
    "testsRegistered": 2,
    "passPercent": 100,
    "pendingPercent": 0,
    "other": 0,
    "hasOther": false,
    "skipped": 0,
    "hasSkipped": false
  },
  "results": [
    {
      "uuid": "534cbd72-169c-48b4-b98c-8098078cac3e",
      "title": "",
      "fullFile": "cypress\\e2e\\loginOrange.cy.js",
      "file": "cypress\\e2e\\loginOrange.cy.js",
      "beforeHooks": [],
      "afterHooks": [],
      "tests": [],
      "suites": [
        {
          "uuid": "b90cfb57-58f4-4732-a3f8-7a262b8fa3e7",
          "title": "Basic Login Tests on Orange HRM Application",
          "fullFile": "",
          "file": "",
          "beforeHooks": [],
          "afterHooks": [],
          "tests": [
            {
              "title": "Verify Login to the HRM App is working with invalid credentials",
              "fullTitle": "Basic Login Tests on Orange HRM Application Verify Login to the HRM App is working with invalid credentials",
              "timedOut": null,
              "duration": 20031,
              "state": "passed",
              "speed": "slow",
              "pass": true,
              "fail": false,
              "pending": false,
              "context": "{\n  \"title\": \"cypress-mochawesome-reporter-videos-passed\",\n  \"value\": \"cypress\\\\e2e\\\\loginOrange.cy.js\"\n}",
              "code": "cy.fixture('example.json').then(testdata => {\n  const {\n    baseUrlUsername,\n    invalidPassword\n  } = testdata;\n  //   // Fill in the login form\n  cy.loginHRM(baseUrlUsername, invalidPassword);\n  cy.wait(5000);\n});",
              "err": {},
              "uuid": "d79c7856-da81-4ce4-ba67-515d495d61cb",
              "parentUUID": "b90cfb57-58f4-4732-a3f8-7a262b8fa3e7",
              "isHook": false,
              "skipped": false
            },
            {
              "title": "Verify Login to the HRM App is working",
              "fullTitle": "Basic Login Tests on Orange HRM Application Verify Login to the HRM App is working",
              "timedOut": null,
              "duration": 9319,
              "state": "passed",
              "speed": "medium",
              "pass": true,
              "fail": false,
              "pending": false,
              "context": "{\n  \"title\": \"cypress-mochawesome-reporter-videos-passed\",\n  \"value\": \"cypress\\\\e2e\\\\loginOrange.cy.js\"\n}",
              "code": "cy.fixture('example.json').then(testdata => {\n  const {\n    baseUrlUsername,\n    baseUrlPassword\n  } = testdata;\n  //   // Fill in the login form\n  cy.loginHRM(baseUrlUsername, baseUrlPassword);\n  //cy.wait(5000);\n});",
              "err": {},
              "uuid": "c890503a-b282-4f20-a672-a3df4bdddf9d",
              "parentUUID": "b90cfb57-58f4-4732-a3f8-7a262b8fa3e7",
              "isHook": false,
              "skipped": false
            }
          ],
          "suites": [],
          "passes": [
            "d79c7856-da81-4ce4-ba67-515d495d61cb",
            "c890503a-b282-4f20-a672-a3df4bdddf9d"
          ],
          "failures": [],
          "pending": [],
          "skipped": [],
          "duration": 29350,
          "root": false,
          "rootEmpty": false,
          "_timeout": 2000
        }
      ],
      "passes": [],
      "failures": [],
      "pending": [],
      "skipped": [],
      "duration": 0,
      "root": true,
      "rootEmpty": true,
      "_timeout": 2000
    }
  ],
  "meta": {
    "mocha": {
      "version": "7.0.1"
    },
    "mochawesome": {
      "options": {
        "quiet": false,
        "reportFilename": "mochawesome",
        "saveHtml": true,
        "saveJson": true,
        "consoleReporter": "spec",
        "useInlineDiffs": false,
        "code": true
      },
      "version": "7.1.3"
    },
    "marge": {
      "options": {
        "reportDir": "cypress/reports/mochawesome",
        "overwrite": false,
        "html": true,
        "json": true
      },
      "version": "6.2.0"
    }
  }
}