{
  "stats": {
    "suites": 0,
    "tests": 2,
    "passes": 2,
    "pending": 0,
    "failures": 0,
    "start": "2025-02-24T06:58:38.853Z",
    "end": "2025-02-24T06:59:10.208Z",
    "duration": 31355,
    "testsRegistered": 2,
    "passPercent": 100,
    "pendingPercent": 0,
    "other": 0,
    "hasOther": false,
    "skipped": 0,
    "hasSkipped": false
  },
  "results": [
    {
      "uuid": "d2094d91-7e66-464c-a35f-e747efd21508",
      "title": "",
      "fullFile": "cypress\\e2e\\loginOrange.cy.js",
      "file": "cypress\\e2e\\loginOrange.cy.js",
      "beforeHooks": [],
      "afterHooks": [],
      "tests": [
        {
          "title": "@critical Verify Login to the HRM App is working",
          "fullTitle": "@critical Verify Login to the HRM App is working",
          "timedOut": null,
          "duration": 13373,
          "state": "passed",
          "speed": "slow",
          "pass": true,
          "fail": false,
          "pending": false,
          "context": "{\n  \"title\": \"cypress-mochawesome-reporter-videos-passed\",\n  \"value\": \"cypress\\\\e2e\\\\loginOrange.cy.js\"\n}",
          "code": "cy.fixture('example.json').then(testdata => {\n  const {\n    baseUrlUsername,\n    baseUrlPassword\n  } = testdata;\n  cy.loginHRM(baseUrlUsername, baseUrlPassword);\n});",
          "err": {},
          "uuid": "3f55ee22-d701-4945-ae19-6e3ee7e8f727",
          "parentUUID": "d2094d91-7e66-464c-a35f-e747efd21508",
          "isHook": false,
          "skipped": false
        },
        {
          "title": "@smoke Verify Login to the HRM App is working with invalid credentials",
          "fullTitle": "@smoke Verify Login to the HRM App is working with invalid credentials",
          "timedOut": null,
          "duration": 14638,
          "state": "passed",
          "speed": "slow",
          "pass": true,
          "fail": false,
          "pending": false,
          "context": "{\n  \"title\": \"cypress-mochawesome-reporter-videos-passed\",\n  \"value\": \"cypress\\\\e2e\\\\loginOrange.cy.js\"\n}",
          "code": "cy.fixture('example.json').then(testdata => {\n  const {\n    baseUrlUsername,\n    invalidPassword\n  } = testdata;\n  cy.loginHRM(baseUrlUsername, invalidPassword, {\n    timeout: 10000\n  }).should('be.visible');\n  cy.wait(5000);\n});",
          "err": {},
          "uuid": "a4189746-fcf5-4633-a7b0-37dd60a93f8b",
          "parentUUID": "d2094d91-7e66-464c-a35f-e747efd21508",
          "isHook": false,
          "skipped": false
        }
      ],
      "suites": [],
      "passes": [
        "3f55ee22-d701-4945-ae19-6e3ee7e8f727",
        "a4189746-fcf5-4633-a7b0-37dd60a93f8b"
      ],
      "failures": [],
      "pending": [],
      "skipped": [],
      "duration": 28011,
      "root": true,
      "rootEmpty": false,
      "_timeout": 2000
    }
  ],
  "meta": {
    "mocha": {
      "version": "7.0.1"
    },
    "mochawesome": {
      "options": {
        "quiet": false,
        "reportFilename": "mochawesome",
        "saveHtml": true,
        "saveJson": true,
        "consoleReporter": "spec",
        "useInlineDiffs": false,
        "code": true
      },
      "version": "7.1.3"
    },
    "marge": {
      "options": {
        "reportDir": "cypress/reports/mochawesome",
        "overwrite": false,
        "html": true,
        "json": true
      },
      "version": "6.2.0"
    }
  }
}