{
  "stats": {
    "suites": 1,
    "tests": 2,
    "passes": 2,
    "pending": 0,
    "failures": 0,
    "start": "2025-02-19T09:40:53.385Z",
    "end": "2025-02-19T09:42:07.110Z",
    "duration": 73725,
    "testsRegistered": 2,
    "passPercent": 100,
    "pendingPercent": 0,
    "other": 0,
    "hasOther": false,
    "skipped": 0,
    "hasSkipped": false
  },
  "results": [
    {
      "uuid": "770b8f16-7661-453b-8ae8-da5f8293b869",
      "title": "",
      "fullFile": "cypress\\e2e\\loginOrange.cy.js",
      "file": "cypress\\e2e\\loginOrange.cy.js",
      "beforeHooks": [],
      "afterHooks": [],
      "tests": [],
      "suites": [
        {
          "uuid": "cb8339e3-994c-4576-a37a-c6cab7e720fe",
          "title": "Basic Login Tests on Orange HRM Application",
          "fullFile": "",
          "file": "",
          "beforeHooks": [],
          "afterHooks": [],
          "tests": [
            {
              "title": "Verify Login to the HRM App is working with invalid credentials",
              "fullTitle": "Basic Login Tests on Orange HRM Application Verify Login to the HRM App is working with invalid credentials",
              "timedOut": null,
              "duration": 59131,
              "state": "passed",
              "speed": "slow",
              "pass": true,
              "fail": false,
              "pending": false,
              "context": "{\n  \"title\": \"cypress-mochawesome-reporter-videos-passed\",\n  \"value\": \"cypress\\\\e2e\\\\loginOrange.cy.js\"\n}",
              "code": "cy.fixture('example.json').then(testdata => {\n  const {\n    baseUrlUsername,\n    invalidPassword\n  } = testdata;\n  //   // Fill in the login form\n  cy.loginHRM(baseUrlUsername, invalidPassword);\n  cy.wait(5000);\n});",
              "err": {},
              "uuid": "21c8a0a6-dac3-4782-8540-4b80c6508ea3",
              "parentUUID": "cb8339e3-994c-4576-a37a-c6cab7e720fe",
              "isHook": false,
              "skipped": false
            },
            {
              "title": "Verify Login to the HRM App is working",
              "fullTitle": "Basic Login Tests on Orange HRM Application Verify Login to the HRM App is working",
              "timedOut": null,
              "duration": 11557,
              "state": "passed",
              "speed": "slow",
              "pass": true,
              "fail": false,
              "pending": false,
              "context": "{\n  \"title\": \"cypress-mochawesome-reporter-videos-passed\",\n  \"value\": \"cypress\\\\e2e\\\\loginOrange.cy.js\"\n}",
              "code": "cy.fixture('example.json').then(testdata => {\n  const {\n    baseUrlUsername,\n    baseUrlPassword\n  } = testdata;\n  //   // Fill in the login form\n  cy.loginHRM(baseUrlUsername, baseUrlPassword);\n  //cy.wait(5000);\n});",
              "err": {},
              "uuid": "dbeaf887-b1e9-40ca-8eb7-e339205ac77b",
              "parentUUID": "cb8339e3-994c-4576-a37a-c6cab7e720fe",
              "isHook": false,
              "skipped": false
            }
          ],
          "suites": [],
          "passes": [
            "21c8a0a6-dac3-4782-8540-4b80c6508ea3",
            "dbeaf887-b1e9-40ca-8eb7-e339205ac77b"
          ],
          "failures": [],
          "pending": [],
          "skipped": [],
          "duration": 70688,
          "root": false,
          "rootEmpty": false,
          "_timeout": 2000
        }
      ],
      "passes": [],
      "failures": [],
      "pending": [],
      "skipped": [],
      "duration": 0,
      "root": true,
      "rootEmpty": true,
      "_timeout": 2000
    }
  ],
  "meta": {
    "mocha": {
      "version": "7.0.1"
    },
    "mochawesome": {
      "options": {
        "quiet": false,
        "reportFilename": "mochawesome",
        "saveHtml": true,
        "saveJson": true,
        "consoleReporter": "spec",
        "useInlineDiffs": false,
        "code": true
      },
      "version": "7.1.3"
    },
    "marge": {
      "options": {
        "reportDir": "cypress/reports/mochawesome",
        "overwrite": false,
        "html": true,
        "json": true
      },
      "version": "6.2.0"
    }
  }
}