{
  "stats": {
    "suites": 0,
    "tests": 2,
    "passes": 2,
    "pending": 0,
    "failures": 0,
    "start": "2025-02-24T06:51:34.199Z",
    "end": "2025-02-24T06:52:18.617Z",
    "duration": 44418,
    "testsRegistered": 2,
    "passPercent": 100,
    "pendingPercent": 0,
    "other": 0,
    "hasOther": false,
    "skipped": 0,
    "hasSkipped": false
  },
  "results": [
    {
      "uuid": "ee1d5018-dd5f-497a-ae74-3f6e7784a48e",
      "title": "",
      "fullFile": "cypress\\e2e\\loginOrange.cy.js",
      "file": "cypress\\e2e\\loginOrange.cy.js",
      "beforeHooks": [],
      "afterHooks": [],
      "tests": [
        {
          "title": "@critical Verify Login to the HRM App is working",
          "fullTitle": "@critical Verify Login to the HRM App is working",
          "timedOut": null,
          "duration": 21018,
          "state": "passed",
          "speed": "slow",
          "pass": true,
          "fail": false,
          "pending": false,
          "context": "{\n  \"title\": \"cypress-mochawesome-reporter-videos-passed\",\n  \"value\": \"cypress\\\\e2e\\\\loginOrange.cy.js\"\n}",
          "code": "cy.fixture('example.json').then(testdata => {\n  const {\n    baseUrlUsername,\n    baseUrlPassword\n  } = testdata;\n  cy.loginHRM(baseUrlUsername, baseUrlPassword);\n});",
          "err": {},
          "uuid": "8e96e72b-9544-4970-8a00-f7cc82308d7a",
          "parentUUID": "ee1d5018-dd5f-497a-ae74-3f6e7784a48e",
          "isHook": false,
          "skipped": false
        },
        {
          "title": "@smoke Verify Login to the HRM App is working with invalid credentials",
          "fullTitle": "@smoke Verify Login to the HRM App is working with invalid credentials",
          "timedOut": null,
          "duration": 19981,
          "state": "passed",
          "speed": "slow",
          "pass": true,
          "fail": false,
          "pending": false,
          "context": "{\n  \"title\": \"cypress-mochawesome-reporter-videos-passed\",\n  \"value\": \"cypress\\\\e2e\\\\loginOrange.cy.js\"\n}",
          "code": "cy.fixture('example.json').then(testdata => {\n  const {\n    baseUrlUsername,\n    invalidPassword\n  } = testdata;\n  cy.loginHRM(baseUrlUsername, invalidPassword, {\n    timeout: 10000\n  }).should('be.visible');\n  cy.wait(5000);\n});",
          "err": {},
          "uuid": "e2a3c518-2a32-46af-875e-6bd5d2a6b9ac",
          "parentUUID": "ee1d5018-dd5f-497a-ae74-3f6e7784a48e",
          "isHook": false,
          "skipped": false
        }
      ],
      "suites": [],
      "passes": [
        "8e96e72b-9544-4970-8a00-f7cc82308d7a",
        "e2a3c518-2a32-46af-875e-6bd5d2a6b9ac"
      ],
      "failures": [],
      "pending": [],
      "skipped": [],
      "duration": 40999,
      "root": true,
      "rootEmpty": false,
      "_timeout": 2000
    }
  ],
  "meta": {
    "mocha": {
      "version": "7.0.1"
    },
    "mochawesome": {
      "options": {
        "quiet": false,
        "reportFilename": "mochawesome",
        "saveHtml": true,
        "saveJson": true,
        "consoleReporter": "spec",
        "useInlineDiffs": false,
        "code": true
      },
      "version": "7.1.3"
    },
    "marge": {
      "options": {
        "reportDir": "cypress/reports/mochawesome",
        "overwrite": false,
        "html": true,
        "json": true
      },
      "version": "6.2.0"
    }
  }
}