{
  "stats": {
    "suites": 1,
    "tests": 1,
    "passes": 0,
    "pending": 0,
    "failures": 1,
    "start": "2025-02-24T06:52:22.506Z",
    "end": "2025-02-24T06:52:56.391Z",
    "duration": 33885,
    "testsRegistered": 1,
    "passPercent": 0,
    "pendingPercent": 0,
    "other": 0,
    "hasOther": false,
    "skipped": 0,
    "hasSkipped": false
  },
  "results": [
    {
      "uuid": "a964dae4-d891-4a18-982d-327a748ce074",
      "title": "",
      "fullFile": "cypress\\e2e\\myInfoCRM.cy.js",
      "file": "cypress\\e2e\\myInfoCRM.cy.js",
      "beforeHooks": [],
      "afterHooks": [],
      "tests": [],
      "suites": [
        {
          "uuid": "b9a777f8-f790-4d2f-9e25-5fa1e3745ec0",
          "title": "My Info Tests on Orange HRM Application",
          "fullFile": "",
          "file": "",
          "beforeHooks": [],
          "afterHooks": [],
          "tests": [
            {
              "title": "Verify Login and My info to the HRM App is working",
              "fullTitle": "My Info Tests on Orange HRM Application Verify Login and My info to the HRM App is working",
              "timedOut": null,
              "duration": 31585,
              "state": "failed",
              "speed": null,
              "pass": false,
              "fail": true,
              "pending": false,
              "context": "[\n  {\n    \"title\": \"cypress-mochawesome-reporter-videos-failed\",\n    \"value\": \"cypress\\\\e2e\\\\myInfoCRM.cy.js\"\n  },\n  {\n    \"title\": \"cypress-mochawesome-reporter-screenshots\",\n    \"value\": [\n      [\n        \"\\\\myInfoCRM.cy.js\\\\My Info Tests on Orange HRM Application -- Verify Login and My info to the HRM App is working (failed).png\"\n      ]\n    ]\n  }\n]",
              "code": "cy.fixture('example.json').then(testdata => {\n  const {\n    baseUrlUsername,\n    baseUrlPassword\n  } = testdata;\n  //   // Fill in the login form\n  cy.loginHRM(baseUrlUsername, baseUrlPassword),\n  // cy.wait(5000);\n  cy.get(`.oxd-text.oxd-text--span.oxd-main-menu-item--name`);\n  cy.xpath(\"//span[normalize-space()='My Info']\").should('be.visible', {\n    timeout: 10000\n  }).click();\n  cy.myinfo();\n  // Ignore uncaught exceptions\n  Cypress.on('uncaught:exception', (err, runnable) => {\n    // Prevent Cypress from failing the test when the error occurs\n    console.error('Uncaught exception:', err);\n    // Returning false prevents the test from failing\n    return false;\n  });\n});",
              "err": {
                "message": "AssertionError: Timed out retrying after 4000ms: Expected to find element: `.oxd-text.oxd-text--span.oxd-main-menu-item--name`, but never found it.",
                "estack": "AssertionError: Timed out retrying after 4000ms: Expected to find element: `.oxd-text.oxd-text--span.oxd-main-menu-item--name`, but never found it.\n    at Context.eval (webpack://cypress-orange-hrm-test/./cypress/e2e/myInfoCRM.cy.js:48:9)\n    at getRet (https://opensource-demo.orangehrmlive.com/__cypress/runner/cypress_runner.js:118318:20)\n    at tryCatcher (https://opensource-demo.orangehrmlive.com/__cypress/runner/cypress_runner.js:1777:23)\n    at Promise.attempt.Promise.try (https://opensource-demo.orangehrmlive.com/__cypress/runner/cypress_runner.js:4285:29)\n    at Context.thenFn (https://opensource-demo.orangehrmlive.com/__cypress/runner/cypress_runner.js:118329:66)\n    at Context.then (https://opensource-demo.orangehrmlive.com/__cypress/runner/cypress_runner.js:118580:21)\n    at wrapped (https://opensource-demo.orangehrmlive.com/__cypress/runner/cypress_runner.js:138827:19)",
                "diff": null
              },
              "uuid": "7976d569-a797-4916-986d-726055a819bb",
              "parentUUID": "b9a777f8-f790-4d2f-9e25-5fa1e3745ec0",
              "isHook": false,
              "skipped": false
            }
          ],
          "suites": [],
          "passes": [],
          "failures": [
            "7976d569-a797-4916-986d-726055a819bb"
          ],
          "pending": [],
          "skipped": [],
          "duration": 31585,
          "root": false,
          "rootEmpty": false,
          "_timeout": 2000
        }
      ],
      "passes": [],
      "failures": [],
      "pending": [],
      "skipped": [],
      "duration": 0,
      "root": true,
      "rootEmpty": true,
      "_timeout": 2000
    }
  ],
  "meta": {
    "mocha": {
      "version": "7.0.1"
    },
    "mochawesome": {
      "options": {
        "quiet": false,
        "reportFilename": "mochawesome",
        "saveHtml": true,
        "saveJson": true,
        "consoleReporter": "spec",
        "useInlineDiffs": false,
        "code": true
      },
      "version": "7.1.3"
    },
    "marge": {
      "options": {
        "reportDir": "cypress/reports/mochawesome",
        "overwrite": false,
        "html": true,
        "json": true
      },
      "version": "6.2.0"
    }
  }
}