{
  "stats": {
    "suites": 1,
    "tests": 2,
    "passes": 2,
    "pending": 0,
    "failures": 0,
    "start": "2025-02-21T06:32:57.342Z",
    "end": "2025-02-21T06:33:43.698Z",
    "duration": 46356,
    "testsRegistered": 2,
    "passPercent": 100,
    "pendingPercent": 0,
    "other": 0,
    "hasOther": false,
    "skipped": 0,
    "hasSkipped": false
  },
  "results": [
    {
      "uuid": "f4b653d6-7c62-4bc3-85aa-1f226ca5ac0d",
      "title": "",
      "fullFile": "cypress\\e2e\\loginOrange.cy.js",
      "file": "cypress\\e2e\\loginOrange.cy.js",
      "beforeHooks": [],
      "afterHooks": [],
      "tests": [],
      "suites": [
        {
          "uuid": "ee4b6316-5a63-4828-91a2-c819d38b3f4e",
          "title": "Basic Login Tests on Orange HRM Application",
          "fullFile": "",
          "file": "",
          "beforeHooks": [],
          "afterHooks": [],
          "tests": [
            {
              "title": "@critical Verify Login to the HRM App is working",
              "fullTitle": "Basic Login Tests on Orange HRM Application @critical Verify Login to the HRM App is working",
              "timedOut": null,
              "duration": 26747,
              "state": "passed",
              "speed": "slow",
              "pass": true,
              "fail": false,
              "pending": false,
              "context": "{\n  \"title\": \"cypress-mochawesome-reporter-videos-passed\",\n  \"value\": \"cypress\\\\e2e\\\\loginOrange.cy.js\"\n}",
              "code": "cy.fixture('example.json').then(testdata => {\n  const {\n    baseUrlUsername,\n    baseUrlPassword\n  } = testdata;\n  // Log in to the application with the provided username and password\n  cy.loginHRM(baseUrlUsername, baseUrlPassword);\n});",
              "err": {},
              "uuid": "01e196fa-eca4-4db5-be18-21db43210db1",
              "parentUUID": "ee4b6316-5a63-4828-91a2-c819d38b3f4e",
              "isHook": false,
              "skipped": false
            },
            {
              "title": "@smoke Verify Login to the HRM App is working with invalid credentials",
              "fullTitle": "Basic Login Tests on Orange HRM Application @smoke Verify Login to the HRM App is working with invalid credentials",
              "timedOut": null,
              "duration": 14412,
              "state": "passed",
              "speed": "slow",
              "pass": true,
              "fail": false,
              "pending": false,
              "context": "{\n  \"title\": \"cypress-mochawesome-reporter-videos-passed\",\n  \"value\": \"cypress\\\\e2e\\\\loginOrange.cy.js\"\n}",
              "code": "cy.fixture('example.json').then(testdata => {\n  const {\n    baseUrlUsername,\n    invalidPassword\n  } = testdata;\n  // Log in to the application with invalid credentials\n  cy.loginHRM(baseUrlUsername, invalidPassword);\n  cy.wait(5000); // Optional: You can adjust the wait time\n});",
              "err": {},
              "uuid": "5a7987b7-749a-4c21-bbee-7e224aa7f69e",
              "parentUUID": "ee4b6316-5a63-4828-91a2-c819d38b3f4e",
              "isHook": false,
              "skipped": false
            }
          ],
          "suites": [],
          "passes": [
            "01e196fa-eca4-4db5-be18-21db43210db1",
            "5a7987b7-749a-4c21-bbee-7e224aa7f69e"
          ],
          "failures": [],
          "pending": [],
          "skipped": [],
          "duration": 41159,
          "root": false,
          "rootEmpty": false,
          "_timeout": 2000
        }
      ],
      "passes": [],
      "failures": [],
      "pending": [],
      "skipped": [],
      "duration": 0,
      "root": true,
      "rootEmpty": true,
      "_timeout": 2000
    }
  ],
  "meta": {
    "mocha": {
      "version": "7.0.1"
    },
    "mochawesome": {
      "options": {
        "quiet": false,
        "reportFilename": "mochawesome",
        "saveHtml": true,
        "saveJson": true,
        "consoleReporter": "spec",
        "useInlineDiffs": false,
        "code": true
      },
      "version": "7.1.3"
    },
    "marge": {
      "options": {
        "reportDir": "cypress/reports/mochawesome",
        "overwrite": false,
        "html": true,
        "json": true
      },
      "version": "6.2.0"
    }
  }
}