{
  "stats": {
    "suites": 0,
    "tests": 2,
    "passes": 2,
    "pending": 0,
    "failures": 0,
    "start": "2025-02-27T09:03:28.828Z",
    "end": "2025-02-27T09:03:58.461Z",
    "duration": 29633,
    "testsRegistered": 2,
    "passPercent": 100,
    "pendingPercent": 0,
    "other": 0,
    "hasOther": false,
    "skipped": 0,
    "hasSkipped": false
  },
  "results": [
    {
      "uuid": "212e592e-e786-4662-b5c9-7ea16fd137b7",
      "title": "",
      "fullFile": "cypress\\e2e\\loginOrange.cy.js",
      "file": "cypress\\e2e\\loginOrange.cy.js",
      "beforeHooks": [],
      "afterHooks": [],
      "tests": [
        {
          "title": "@critical Verify Login to the HRM App is working",
          "fullTitle": "@critical Verify Login to the HRM App is working",
          "timedOut": null,
          "duration": 11308,
          "state": "passed",
          "speed": "slow",
          "pass": true,
          "fail": false,
          "pending": false,
          "context": "{\n  \"title\": \"cypress-mochawesome-reporter-videos-passed\",\n  \"value\": \"cypress\\\\e2e\\\\loginOrange.cy.js\"\n}",
          "code": "cy.fixture('example.json').then(testdata => {\n  const {\n    baseUrlUsername,\n    baseUrlPassword\n  } = testdata;\n  // Login test with valid credentials\n  cy.loginHRM(baseUrlUsername, baseUrlPassword);\n});",
          "err": {},
          "uuid": "2a612482-ce2a-4d88-9155-2d375bd69e59",
          "parentUUID": "212e592e-e786-4662-b5c9-7ea16fd137b7",
          "isHook": false,
          "skipped": false
        },
        {
          "title": "@smoke Verify Login to the HRM App is working with invalid credentials",
          "fullTitle": "@smoke Verify Login to the HRM App is working with invalid credentials",
          "timedOut": null,
          "duration": 15581,
          "state": "passed",
          "speed": "slow",
          "pass": true,
          "fail": false,
          "pending": false,
          "context": "{\n  \"title\": \"cypress-mochawesome-reporter-videos-passed\",\n  \"value\": \"cypress\\\\e2e\\\\loginOrange.cy.js\"\n}",
          "code": "cy.fixture('example.json').then(testdata => {\n  const {\n    baseUrlUsername,\n    invalidPassword\n  } = testdata;\n  // Login attempt with invalid credentials\n  cy.loginHRM(baseUrlUsername, invalidPassword, {\n    timeout: 10000\n  }).should('be.visible');\n  cy.wait(5000); // Wait for 5 seconds after test\n});",
          "err": {},
          "uuid": "717abc0f-fc2a-4d60-8874-b7b65b613a5d",
          "parentUUID": "212e592e-e786-4662-b5c9-7ea16fd137b7",
          "isHook": false,
          "skipped": false
        }
      ],
      "suites": [],
      "passes": [
        "2a612482-ce2a-4d88-9155-2d375bd69e59",
        "717abc0f-fc2a-4d60-8874-b7b65b613a5d"
      ],
      "failures": [],
      "pending": [],
      "skipped": [],
      "duration": 26889,
      "root": true,
      "rootEmpty": false,
      "_timeout": 2000
    }
  ],
  "meta": {
    "mocha": {
      "version": "7.0.1"
    },
    "mochawesome": {
      "options": {
        "quiet": false,
        "reportFilename": "mochawesome",
        "saveHtml": true,
        "saveJson": true,
        "consoleReporter": "spec",
        "useInlineDiffs": false,
        "code": true
      },
      "version": "7.1.3"
    },
    "marge": {
      "options": {
        "reportDir": "cypress/reports/mochawesome",
        "overwrite": false,
        "html": true,
        "json": true
      },
      "version": "6.2.0"
    }
  }
}