{
  "stats": {
    "suites": 1,
    "tests": 1,
    "passes": 0,
    "pending": 0,
    "failures": 1,
    "start": "2025-02-19T09:42:10.417Z",
    "end": "2025-02-19T09:43:12.879Z",
    "duration": 62462,
    "testsRegistered": 1,
    "passPercent": 0,
    "pendingPercent": 0,
    "other": 0,
    "hasOther": false,
    "skipped": 0,
    "hasSkipped": false
  },
  "results": [
    {
      "uuid": "01098128-bb37-44a0-8633-787e2ae5e50b",
      "title": "",
      "fullFile": "cypress\\e2e\\myInfoCRM.cy.js",
      "file": "cypress\\e2e\\myInfoCRM.cy.js",
      "beforeHooks": [],
      "afterHooks": [],
      "tests": [],
      "suites": [
        {
          "uuid": "2421b50b-6be9-4d2b-9abf-ef4602f634c6",
          "title": "My Info Tests on Orange HRM Application",
          "fullFile": "",
          "file": "",
          "beforeHooks": [],
          "afterHooks": [],
          "tests": [
            {
              "title": "Verify Login and My info to the HRM App is working",
              "fullTitle": "My Info Tests on Orange HRM Application Verify Login and My info to the HRM App is working",
              "timedOut": null,
              "duration": 58858,
              "state": "failed",
              "speed": null,
              "pass": false,
              "fail": true,
              "pending": false,
              "context": "{\n  \"title\": \"cypress-mochawesome-reporter-videos-failed\",\n  \"value\": \"cypress\\\\e2e\\\\myInfoCRM.cy.js\"\n}",
              "code": "// Use the testData loaded in the before() hook\nconst {\n  baseUrlUsername,\n  baseUrlPassword\n} = testData;\n// Log in to the application with the provided username and password\ncy.loginHRM(baseUrlUsername, baseUrlPassword);\n// Ensure the main menu is loaded and the \"My Info\" option is visible\ncy.get('.oxd-text.oxd-text--span.oxd-main-menu-item--name').should('be.visible', {\n  timeout: 10000\n});\n// Click on \"My Info\" from the menu (using xpath locator)\ncy.xpath(\"//span[normalize-space()='My Info']\").should('be.visible', {\n  timeout: 10000\n}).click();\n// Perform actions in the 'My Info' section\ncy.myinfo();\n// Handling uncaught exceptions to prevent test failure\nCypress.on('uncaught:exception', (err, runnable) => {\n  console.error('Uncaught exception:', err);\n  return false; // Returning false prevents the test from failing\n});",
              "err": {
                "message": "CypressError: Timed out retrying after 4000ms: `cy.clear()` failed because this element:\n\n`<input data-v-1f99f73c=\"\" class=\"oxd-input oxd-input--active orangehrm-firstname\" name=\"firstName\" placeholder=\"First Name\">`\n\nis being covered by another element:\n\n`<div data-v-c286b6e5=\"\" class=\"oxd-topbar-header-title\">...</div>`\n\nFix this problem, or use {force: true} to disable error checking.\n\nhttps://on.cypress.io/element-cannot-be-interacted-with",
                "estack": "CypressError: Timed out retrying after 4000ms: `cy.clear()` failed because this element:\n\n`<input data-v-1f99f73c=\"\" class=\"oxd-input oxd-input--active orangehrm-firstname\" name=\"firstName\" placeholder=\"First Name\">`\n\nis being covered by another element:\n\n`<div data-v-c286b6e5=\"\" class=\"oxd-topbar-header-title\">...</div>`\n\nFix this problem, or use {force: true} to disable error checking.\n\nhttps://on.cypress.io/element-cannot-be-interacted-with\n    at ensureIsDescendent (https://opensource-demo.orangehrmlive.com/__cypress/runner/cypress_runner.js:111971:68)\n    at ensureDescendents (https://opensource-demo.orangehrmlive.com/__cypress/runner/cypress_runner.js:112022:5)\n    at ensureDescendentsAndScroll (https://opensource-demo.orangehrmlive.com/__cypress/runner/cypress_runner.js:112028:14)\n    at ensureElIsNotCovered (https://opensource-demo.orangehrmlive.com/__cypress/runner/cypress_runner.js:112159:5)\n    at runAllChecks (https://opensource-demo.orangehrmlive.com/__cypress/runner/cypress_runner.js:112358:52)\n    at retryActionability (https://opensource-demo.orangehrmlive.com/__cypress/runner/cypress_runner.js:112395:16)\n    at tryCatcher (https://opensource-demo.orangehrmlive.com/__cypress/runner/cypress_runner.js:1777:23)\n    at Promise.attempt.Promise.try (https://opensource-demo.orangehrmlive.com/__cypress/runner/cypress_runner.js:4285:29)\n    at whenStable (https://opensource-demo.orangehrmlive.com/__cypress/runner/cypress_runner.js:143474:68)\n    at <unknown> (https://opensource-demo.orangehrmlive.com/__cypress/runner/cypress_runner.js:143415:14)\n    at tryCatcher (https://opensource-demo.orangehrmlive.com/__cypress/runner/cypress_runner.js:1777:23)\n    at Promise._settlePromiseFromHandler (https://opensource-demo.orangehrmlive.com/__cypress/runner/cypress_runner.js:1489:31)\n    at Promise._settlePromise (https://opensource-demo.orangehrmlive.com/__cypress/runner/cypress_runner.js:1546:18)\n    at Promise._settlePromise0 (https://opensource-demo.orangehrmlive.com/__cypress/runner/cypress_runner.js:1591:10)\n    at Promise._settlePromises (https://opensource-demo.orangehrmlive.com/__cypress/runner/cypress_runner.js:1671:18)\n    at Promise._fulfill (https://opensource-demo.orangehrmlive.com/__cypress/runner/cypress_runner.js:1615:18)\n    at <unknown> (https://opensource-demo.orangehrmlive.com/__cypress/runner/cypress_runner.js:5420:46)\nFrom Your Spec Code:\n    at Object.proxyGetter [as get] (https://opensource-demo.orangehrmlive.com/__cypress/runner/cypress_runner.js:77891:22)\n    at exists (https://opensource-demo.orangehrmlive.com/__cypress/runner/cypress_runner.js:142674:26)\n    at elExists (https://opensource-demo.orangehrmlive.com/__cypress/runner/cypress_runner.js:142689:10)\n    at ensureExistence (https://opensource-demo.orangehrmlive.com/__cypress/runner/cypress_runner.js:142870:22)\n    at onFailFn (https://opensource-demo.orangehrmlive.com/__cypress/runner/cypress_runner.js:142899:53)",
                "diff": null
              },
              "uuid": "a620949c-a68e-49be-a361-a6f01b7c9b1e",
              "parentUUID": "2421b50b-6be9-4d2b-9abf-ef4602f634c6",
              "isHook": false,
              "skipped": false
            }
          ],
          "suites": [],
          "passes": [],
          "failures": [
            "a620949c-a68e-49be-a361-a6f01b7c9b1e"
          ],
          "pending": [],
          "skipped": [],
          "duration": 58858,
          "root": false,
          "rootEmpty": false,
          "_timeout": 2000
        }
      ],
      "passes": [],
      "failures": [],
      "pending": [],
      "skipped": [],
      "duration": 0,
      "root": true,
      "rootEmpty": true,
      "_timeout": 2000
    }
  ],
  "meta": {
    "mocha": {
      "version": "7.0.1"
    },
    "mochawesome": {
      "options": {
        "quiet": false,
        "reportFilename": "mochawesome",
        "saveHtml": true,
        "saveJson": true,
        "consoleReporter": "spec",
        "useInlineDiffs": false,
        "code": true
      },
      "version": "7.1.3"
    },
    "marge": {
      "options": {
        "reportDir": "cypress/reports/mochawesome",
        "overwrite": false,
        "html": true,
        "json": true
      },
      "version": "6.2.0"
    }
  }
}