{
  "stats": {
    "suites": 0,
    "tests": 2,
    "passes": 2,
    "pending": 0,
    "failures": 0,
    "start": "2025-02-24T08:39:33.490Z",
    "end": "2025-02-24T08:40:04.024Z",
    "duration": 30534,
    "testsRegistered": 2,
    "passPercent": 100,
    "pendingPercent": 0,
    "other": 0,
    "hasOther": false,
    "skipped": 0,
    "hasSkipped": false
  },
  "results": [
    {
      "uuid": "97d7c2f8-d861-48c9-814a-f2e020c02073",
      "title": "",
      "fullFile": "cypress\\e2e\\loginOrange.cy.js",
      "file": "cypress\\e2e\\loginOrange.cy.js",
      "beforeHooks": [],
      "afterHooks": [],
      "tests": [
        {
          "title": "@critical Verify Login to the HRM App is working",
          "fullTitle": "@critical Verify Login to the HRM App is working",
          "timedOut": null,
          "duration": 12231,
          "state": "passed",
          "speed": "slow",
          "pass": true,
          "fail": false,
          "pending": false,
          "context": "{\n  \"title\": \"cypress-mochawesome-reporter-videos-passed\",\n  \"value\": \"cypress\\\\e2e\\\\loginOrange.cy.js\"\n}",
          "code": "cy.fixture('example.json').then(testdata => {\n  const {\n    baseUrlUsername,\n    baseUrlPassword\n  } = testdata;\n  cy.loginHRM(baseUrlUsername, baseUrlPassword);\n});",
          "err": {},
          "uuid": "d5c67830-f472-4635-94f5-268571d70eef",
          "parentUUID": "97d7c2f8-d861-48c9-814a-f2e020c02073",
          "isHook": false,
          "skipped": false
        },
        {
          "title": "@smoke Verify Login to the HRM App is working with invalid credentials",
          "fullTitle": "@smoke Verify Login to the HRM App is working with invalid credentials",
          "timedOut": null,
          "duration": 14432,
          "state": "passed",
          "speed": "slow",
          "pass": true,
          "fail": false,
          "pending": false,
          "context": "{\n  \"title\": \"cypress-mochawesome-reporter-videos-passed\",\n  \"value\": \"cypress\\\\e2e\\\\loginOrange.cy.js\"\n}",
          "code": "cy.fixture('example.json').then(testdata => {\n  const {\n    baseUrlUsername,\n    invalidPassword\n  } = testdata;\n  cy.loginHRM(baseUrlUsername, invalidPassword, {\n    timeout: 10000\n  }).should('be.visible');\n  cy.wait(5000);\n});",
          "err": {},
          "uuid": "638dc57a-17e9-415a-ad9d-3a43e95ad7b5",
          "parentUUID": "97d7c2f8-d861-48c9-814a-f2e020c02073",
          "isHook": false,
          "skipped": false
        }
      ],
      "suites": [],
      "passes": [
        "d5c67830-f472-4635-94f5-268571d70eef",
        "638dc57a-17e9-415a-ad9d-3a43e95ad7b5"
      ],
      "failures": [],
      "pending": [],
      "skipped": [],
      "duration": 26663,
      "root": true,
      "rootEmpty": false,
      "_timeout": 2000
    }
  ],
  "meta": {
    "mocha": {
      "version": "7.0.1"
    },
    "mochawesome": {
      "options": {
        "quiet": false,
        "reportFilename": "mochawesome",
        "saveHtml": true,
        "saveJson": true,
        "consoleReporter": "spec",
        "useInlineDiffs": false,
        "code": true
      },
      "version": "7.1.3"
    },
    "marge": {
      "options": {
        "reportDir": "cypress/reports/mochawesome",
        "overwrite": false,
        "html": true,
        "json": true
      },
      "version": "6.2.0"
    }
  }
}