{
  "stats": {
    "suites": 1,
    "tests": 1,
    "passes": 1,
    "pending": 0,
    "failures": 0,
    "start": "2025-02-27T09:04:03.081Z",
    "end": "2025-02-27T09:04:37.590Z",
    "duration": 34509,
    "testsRegistered": 1,
    "passPercent": 100,
    "pendingPercent": 0,
    "other": 0,
    "hasOther": false,
    "skipped": 0,
    "hasSkipped": false
  },
  "results": [
    {
      "uuid": "6d172e63-033f-4f74-b24a-696198a4707f",
      "title": "",
      "fullFile": "cypress\\e2e\\myInfoCRM.cy.js",
      "file": "cypress\\e2e\\myInfoCRM.cy.js",
      "beforeHooks": [],
      "afterHooks": [],
      "tests": [],
      "suites": [
        {
          "uuid": "5030c7e7-0536-4c79-9243-7a6385b384bd",
          "title": "My Info Tests on Orange HRM Application",
          "fullFile": "",
          "file": "",
          "beforeHooks": [],
          "afterHooks": [],
          "tests": [
            {
              "title": "Verify Login and My info to the HRM App is working",
              "fullTitle": "My Info Tests on Orange HRM Application Verify Login and My info to the HRM App is working",
              "timedOut": null,
              "duration": 31939,
              "state": "passed",
              "speed": "slow",
              "pass": true,
              "fail": false,
              "pending": false,
              "context": "{\n  \"title\": \"cypress-mochawesome-reporter-videos-passed\",\n  \"value\": \"cypress\\\\e2e\\\\myInfoCRM.cy.js\"\n}",
              "code": "// Access the data from the fixture\ncy.fixture('example.json').then(testdata => {\n  const {\n    baseUrlUsername,\n    baseUrlPassword\n  } = testdata;\n  // Use Cypress.env to get the URL dynamically from the environment variable\n  cy.visit(Cypress.env('URL')); // This will visit the URL defined in cypress.json\n  // Perform login action\n  cy.loginHRM(baseUrlUsername, baseUrlPassword);\n  // Check if the \"My Info\" section is visible and click\n  cy.xpath(\"//span[normalize-space()='My Info']\").should('be.visible', {\n    timeout: 10000\n  }).click();\n  // Call the 'myinfo' function that fills out the form\n  cy.myinfo();\n  // Ignore uncaught exceptions to prevent the test from failing when an error occurs\n  Cypress.on('uncaught:exception', (err, runnable) => {\n    console.error('Uncaught exception:', err);\n    return false; // Prevents Cypress from failing the test on uncaught exceptions\n  });\n});",
              "err": {},
              "uuid": "d9857349-7bea-4f49-a717-c29e91af34bc",
              "parentUUID": "5030c7e7-0536-4c79-9243-7a6385b384bd",
              "isHook": false,
              "skipped": false
            }
          ],
          "suites": [],
          "passes": [
            "d9857349-7bea-4f49-a717-c29e91af34bc"
          ],
          "failures": [],
          "pending": [],
          "skipped": [],
          "duration": 31939,
          "root": false,
          "rootEmpty": false,
          "_timeout": 2000
        }
      ],
      "passes": [],
      "failures": [],
      "pending": [],
      "skipped": [],
      "duration": 0,
      "root": true,
      "rootEmpty": true,
      "_timeout": 2000
    }
  ],
  "meta": {
    "mocha": {
      "version": "7.0.1"
    },
    "mochawesome": {
      "options": {
        "quiet": false,
        "reportFilename": "mochawesome",
        "saveHtml": true,
        "saveJson": true,
        "consoleReporter": "spec",
        "useInlineDiffs": false,
        "code": true
      },
      "version": "7.1.3"
    },
    "marge": {
      "options": {
        "reportDir": "cypress/reports/mochawesome",
        "overwrite": false,
        "html": true,
        "json": true
      },
      "version": "6.2.0"
    }
  }
}