{
  "stats": {
    "suites": 1,
    "tests": 1,
    "passes": 1,
    "pending": 0,
    "failures": 0,
    "start": "2025-02-27T09:02:00.888Z",
    "end": "2025-02-27T09:03:22.510Z",
    "duration": 81622,
    "testsRegistered": 1,
    "passPercent": 100,
    "pendingPercent": 0,
    "other": 0,
    "hasOther": false,
    "skipped": 0,
    "hasSkipped": false
  },
  "results": [
    {
      "uuid": "0eed58d5-60c9-4b44-a0d8-9a5c1d420169",
      "title": "",
      "fullFile": "cypress\\e2e\\Datadriven.cy.js",
      "file": "cypress\\e2e\\Datadriven.cy.js",
      "beforeHooks": [],
      "afterHooks": [],
      "tests": [],
      "suites": [
        {
          "uuid": "37d69dc1-2315-4caa-ad3b-79bb44fa5366",
          "title": "Read data from Excel file in Cypress",
          "fullFile": "",
          "file": "",
          "beforeHooks": [],
          "afterHooks": [],
          "tests": [
            {
              "title": "should use Excel data to perform login tests",
              "fullTitle": "Read data from Excel file in Cypress should use Excel data to perform login tests",
              "timedOut": null,
              "duration": 77636,
              "state": "passed",
              "speed": "slow",
              "pass": true,
              "fail": false,
              "pending": false,
              "context": "{\n  \"title\": \"cypress-mochawesome-reporter-videos-passed\",\n  \"value\": \"cypress\\\\e2e\\\\Datadriven.cy.js\"\n}",
              "code": "cy.readExcelFile(\"datadriven.xlsx\").then(data => {\n  data.shift(); // Remove headers if present\n  data.forEach(([firstname, middlename, lastname]) => {\n    cy.fixture('example.json').then(testdata => {\n      const {\n        baseUrlUsername,\n        baseUrlPassword\n      } = testdata;\n      // Use Cypress.env to get the URL dynamically from the environment variable\n      cy.visit(Cypress.env('URL')); // This will visit the URL defined in cypress.json\n      // Perform login action\n      cy.loginHRM(baseUrlUsername, baseUrlPassword);\n      // Check if the \"My Info\" section is visible and click\n      cy.xpath(\"//span[normalize-space()='My Info']\").should('be.visible', {\n        timeout: 10000\n      }).click();\n      cy.get('.--name-grouped-field > :nth-child(1) > :nth-child(2) > .oxd-input').type(firstname);\n      cy.get(':nth-child(2) > :nth-child(2) > .oxd-input').type(middlename);\n      cy.get(':nth-child(3) > :nth-child(2) > .oxd-input').type(lastname);\n      cy.get(':nth-child(1) > .oxd-form > .oxd-form-actions > .oxd-button').click();\n      cy.get('.oxd-userdropdown-tab > .oxd-icon').click();\n      cy.get(':nth-child(4) > .oxd-userdropdown-link').click();\n      Cypress.on('uncaught:exception', (err, runnable) => {\n        console.error('Uncaught exception:', err);\n        return false; // Prevents Cypress from failing the test on uncaught exceptions\n      });\n    });\n  });\n});",
              "err": {},
              "uuid": "9056ec64-6b56-4f6a-a9c5-5eb7817cc9d4",
              "parentUUID": "37d69dc1-2315-4caa-ad3b-79bb44fa5366",
              "isHook": false,
              "skipped": false
            }
          ],
          "suites": [],
          "passes": [
            "9056ec64-6b56-4f6a-a9c5-5eb7817cc9d4"
          ],
          "failures": [],
          "pending": [],
          "skipped": [],
          "duration": 77636,
          "root": false,
          "rootEmpty": false,
          "_timeout": 2000
        }
      ],
      "passes": [],
      "failures": [],
      "pending": [],
      "skipped": [],
      "duration": 0,
      "root": true,
      "rootEmpty": true,
      "_timeout": 2000
    }
  ],
  "meta": {
    "mocha": {
      "version": "7.0.1"
    },
    "mochawesome": {
      "options": {
        "quiet": false,
        "reportFilename": "mochawesome",
        "saveHtml": true,
        "saveJson": true,
        "consoleReporter": "spec",
        "useInlineDiffs": false,
        "code": true
      },
      "version": "7.1.3"
    },
    "marge": {
      "options": {
        "reportDir": "cypress/reports/mochawesome",
        "overwrite": false,
        "html": true,
        "json": true
      },
      "version": "6.2.0"
    }
  }
}