{
  "stats": {
    "suites": 1,
    "tests": 1,
    "passes": 0,
    "pending": 0,
    "failures": 1,
    "start": "2025-02-21T06:33:46.914Z",
    "end": "2025-02-21T06:34:06.761Z",
    "duration": 19847,
    "testsRegistered": 1,
    "passPercent": 0,
    "pendingPercent": 0,
    "other": 0,
    "hasOther": false,
    "skipped": 0,
    "hasSkipped": false
  },
  "results": [
    {
      "uuid": "79e11bdd-c7b0-41f5-b085-e17f46022326",
      "title": "",
      "fullFile": "cypress\\e2e\\myInfoCRM.cy.js",
      "file": "cypress\\e2e\\myInfoCRM.cy.js",
      "beforeHooks": [],
      "afterHooks": [],
      "tests": [],
      "suites": [
        {
          "uuid": "4feda07a-e1f6-4694-b084-5dc88a905879",
          "title": "My Info Tests on Orange HRM Application",
          "fullFile": "",
          "file": "",
          "beforeHooks": [],
          "afterHooks": [],
          "tests": [
            {
              "title": "Verify Login and My info to the HRM App is working",
              "fullTitle": "My Info Tests on Orange HRM Application Verify Login and My info to the HRM App is working",
              "timedOut": null,
              "duration": 1712,
              "state": "failed",
              "speed": null,
              "pass": false,
              "fail": true,
              "pending": false,
              "context": "[\n  {\n    \"title\": \"cypress-mochawesome-reporter-videos-failed\",\n    \"value\": \"cypress\\\\e2e\\\\myInfoCRM.cy.js\"\n  },\n  {\n    \"title\": \"cypress-mochawesome-reporter-screenshots\",\n    \"value\": [\n      [\n        \"\\\\myInfoCRM.cy.js\\\\My Info Tests on Orange HRM Application -- Verify Login and My info to the HRM App is working (failed).png\"\n      ],\n      [\n        \"\\\\myInfoCRM.cy.js\\\\My Info Tests on Orange HRM Application -- Verify Login and My info to the HRM App is working (failed) (attempt 2).png\"\n      ],\n      [\n        \"\\\\myInfoCRM.cy.js\\\\My Info Tests on Orange HRM Application -- Verify Login and My info to the HRM App is working (failed) (attempt 3).png\"\n      ]\n    ]\n  }\n]",
              "code": "// Use the testData loaded in the before() hook\nconst {\n  baseUrlUsername,\n  baseUrlPassword\n} = testData;\n// Log in to the application with the provided username and password\ncy.loginHRM(baseUrlUsername, baseUrlPassword);\n// Ensure the main menu is loaded and the \"My Info\" option is visible\ncy.get('.oxd-text.oxd-text--span.oxd-main-menu-item--name').should('be.visible', {\n  timeout: 10000\n});\n// Click on \"My Info\" from the menu (using xpath locator)\ncy.xpath(\"//span[normalize-space()='My Info']\").should('be.visible', {\n  timeout: 10000\n}).click();\n// Perform actions in the 'My Info' section\ncy.myinfo();\n// Handling uncaught exceptions to prevent test failure\nCypress.on('uncaught:exception', (err, runnable) => {\n  console.error('Uncaught exception:', err);\n  return false; // Returning false prevents the test from failing\n});",
              "err": {
                "message": "TypeError: cy.myinfo is not a function",
                "estack": "TypeError: cy.myinfo is not a function\n    at Context.eval (webpack://cypress-orange-hrm-test/./cypress/e2e/myInfoCRM.cy.js:36:7)\n    at runnable.fn (https://opensource-demo.orangehrmlive.com/__cypress/runner/cypress_runner.js:138090:19)\n    at callFn (https://opensource-demo.orangehrmlive.com/__cypress/runner/cypress_runner.js:156686:21)\n    at Runnable.run (https://opensource-demo.orangehrmlive.com/__cypress/runner/cypress_runner.js:156673:7)\n    at <unknown> (https://opensource-demo.orangehrmlive.com/__cypress/runner/cypress_runner.js:162603:30)\n    at PassThroughHandlerContext.finallyHandler (https://opensource-demo.orangehrmlive.com/__cypress/runner/cypress_runner.js:4042:23)\n    at PassThroughHandlerContext.tryCatcher (https://opensource-demo.orangehrmlive.com/__cypress/runner/cypress_runner.js:1777:23)\n    at Promise._settlePromiseFromHandler (https://opensource-demo.orangehrmlive.com/__cypress/runner/cypress_runner.js:1489:31)\n    at Promise._settlePromise (https://opensource-demo.orangehrmlive.com/__cypress/runner/cypress_runner.js:1546:18)",
                "diff": null
              },
              "uuid": "4be7b9dd-c6f9-4cce-aa7c-63739a325a3d",
              "parentUUID": "4feda07a-e1f6-4694-b084-5dc88a905879",
              "isHook": false,
              "skipped": false
            }
          ],
          "suites": [],
          "passes": [],
          "failures": [
            "4be7b9dd-c6f9-4cce-aa7c-63739a325a3d"
          ],
          "pending": [],
          "skipped": [],
          "duration": 1712,
          "root": false,
          "rootEmpty": false,
          "_timeout": 2000
        }
      ],
      "passes": [],
      "failures": [],
      "pending": [],
      "skipped": [],
      "duration": 0,
      "root": true,
      "rootEmpty": true,
      "_timeout": 2000
    }
  ],
  "meta": {
    "mocha": {
      "version": "7.0.1"
    },
    "mochawesome": {
      "options": {
        "quiet": false,
        "reportFilename": "mochawesome",
        "saveHtml": true,
        "saveJson": true,
        "consoleReporter": "spec",
        "useInlineDiffs": false,
        "code": true
      },
      "version": "7.1.3"
    },
    "marge": {
      "options": {
        "reportDir": "cypress/reports/mochawesome",
        "overwrite": false,
        "html": true,
        "json": true
      },
      "version": "6.2.0"
    }
  }
}